<?xml version="1.0" encoding="UTF-8"?>
<!-- Generated by org.testng.reporters.JUnitReportReporter -->
<testsuite hostname="Jatins-MacBook-Air.local" name="TestCases.TestLogin" tests="1" failures="0" timestamp="30 Jan 2015 11:17:51 GMT" time="233.380" errors="0">
  <testcase name="Login" time="233.380" classname="TestCases.TestLogin"/>
</testsuite> <!-- TestCases.TestLogin -->
