<?xml version="1.0" encoding="UTF-8"?>
<!-- Generated by org.testng.reporters.JUnitReportReporter -->
<testsuite hostname="Jatins-MacBook-Air.local" name="TestCases.TestSignup" tests="1" failures="0" timestamp="30 Jan 2015 11:17:51 GMT" time="740.813" errors="0">
  <testcase name="Testsignup1" time="740.813" classname="TestCases.TestSignup"/>
</testsuite> <!-- TestCases.TestSignup -->
