<?xml version="1.0" encoding="UTF-8"?>
<!-- Generated by org.testng.reporters.JUnitReportReporter -->
<testsuite hostname="Jatins-MacBook-Air.local" name="TestCases.TestGift_50" tests="6" failures="0" timestamp="29 Dec 2014 13:57:08 GMT" time="204.737" errors="0">
  <testcase name="TestgiftNewToNew" time="27.386" classname="TestCases.TestGift_50"/>
  <testcase name="TestExistingToNew_Login" time="46.301" classname="TestCases.TestGift_50"/>
  <testcase name="TestgiftExistingToExisting" time="30.151" classname="TestCases.TestGift_50"/>
  <testcase name="TestExistingToExisting_Login" time="42.946" classname="TestCases.TestGift_50"/>
  <testcase name="TestNewToExisting" time="28.380" classname="TestCases.TestGift_50"/>
  <testcase name="TestgiftExistingToNew" time="29.573" classname="TestCases.TestGift_50"/>
</testsuite> <!-- TestCases.TestGift_50 -->
